\BOOKMARK [0][-]{section*.2}{\376\377\000T\000r\000a\000i\000n\000i\000n\000g\000\040\000N\000e\000u\000r\000a\000l\000\040\000N\000e\000t\000w\000o\000r\000k\000s\000\040\000f\000o\000r\000\040\000L\000i\000k\000e\000l\000i\000h\000o\000o\000d\000\040\000R\000a\000t\000i\000o\000\040\000E\000s\000t\000i\000m\000a\000t\000i\000o\000n\000\040\000f\000o\000r\000\040\000t\000h\000e\000\040\000H\000i\000g\000g\000s\000\040\000B\000o\000s\000o\000n\000\040\000M\000a\000c\000h\000i\000n\000e\000\040\000L\000e\000a\000r\000n\000i\000n\000g\000\040\000C\000h\000a\000l\000l\000e\000n\000g\000e\000\040\000w\000i\000t\000h\000\040\000V\000a\000r\000i\000o\000u\000s\000\040\000S\000t\000r\000a\000t\000e\000g\000i\000e\000s\000\040\000t\000o\000\040\000A\000c\000c\000o\000u\000n\000t\000\040\000f\000o\000r\000\040\000M\000i\000s\000s\000i\000n\000g\000\040\000V\000a\000r\000i\000a\000b\000l\000e\000s}{}% 2
\BOOKMARK [1][-]{section*.1}{\376\377\000A\000b\000s\000t\000r\000a\000c\000t}{section*.2}% 1
\BOOKMARK [1][-]{section*.3}{\376\377\000C\000o\000n\000t\000e\000n\000t\000s}{section*.2}% 3
\BOOKMARK [1][-]{section*.4}{\376\377\000I\000n\000t\000r\000o\000d\000u\000c\000t\000i\000o\000n}{section*.2}% 4
\BOOKMARK [1][-]{section*.5}{\376\377\000T\000h\000e\000o\000r\000y}{section*.2}% 5
\BOOKMARK [2][-]{section*.6}{\376\377\000N\000e\000u\000r\000a\000l\000\040\000n\000e\000t\000w\000o\000r\000k}{section*.5}% 6
\BOOKMARK [2][-]{section*.8}{\376\377\000D\000i\000s\000c\000o\000v\000e\000r\000y\000\040\000s\000t\000a\000t\000i\000s\000t\000i\000c\000s\000\040\000a\000n\000d\000\040\000t\000h\000e\000\040\000p\000r\000o\000f\000i\000l\000e\000\040\000l\000i\000k\000e\000l\000i\000h\000o\000o\000d\000\040\000r\000a\000t\000i\000o\000\040\000i\000n\000\040\000p\000a\000r\000t\000i\000c\000l\000e\000\040\000p\000h\000y\000s\000i\000c\000s}{section*.5}% 7
\BOOKMARK [2][-]{section*.9}{\376\377\000L\000i\000k\000e\000l\000i\000h\000o\000o\000d\000\040\000e\000s\000t\000i\000m\000a\000t\000i\000o\000n}{section*.5}% 8
\BOOKMARK [2][-]{section*.10}{\376\377\000E\000s\000t\000i\000m\000a\000t\000i\000n\000g\000\040\000t\000h\000e\000\040\000p\000r\000o\000f\000i\000l\000e\000\040\000l\000o\000g\000-\000l\000i\000k\000e\000l\000i\000h\000o\000o\000d\000\040\000r\000a\000t\000i\000o\000\040\000w\000i\000t\000h\000\040\000n\000e\000u\000r\000a\000l\000\040\000n\000e\000t\000w\000o\000r\000k}{section*.5}% 9
\BOOKMARK [1][-]{section*.11}{\376\377\000M\000e\000t\000h\000o\000d\000s}{section*.2}% 10
\BOOKMARK [2][-]{section*.12}{\376\377\000\040\000T\000h\000e\000\040\000M\000o\000d\000e\000l\000\040\000a\000r\000c\000h\000i\000t\000e\000c\000t\000u\000r\000e}{section*.11}% 11
\BOOKMARK [2][-]{section*.13}{\376\377\000T\000h\000e\000\040\000H\000i\000g\000g\000s\000\040\000d\000a\000t\000a\000s\000e\000t\000\040\000a\000n\000d\000\040\000c\000o\000l\000l\000i\000s\000i\000o\000n\000\040\000p\000h\000y\000s\000i\000c\000s}{section*.11}% 12
\BOOKMARK [2][-]{section*.16}{\376\377\000C\000o\000n\000s\000t\000r\000u\000c\000t\000i\000o\000n\000\040\000o\000f\000\040\000D\000a\000t\000a\000s\000e\000t\000s\000\040\000a\000n\000d\000\040\000M\000i\000s\000s\000i\000n\000g\000\040\000v\000a\000r\000i\000a\000b\000l\000e\000s}{section*.11}% 13
\BOOKMARK [3][-]{section*.17}{\376\377\000I\000n\000s\000e\000r\000t\000i\000n\000g\000\040\000v\000a\000l\000u\000e\000s}{section*.16}% 14
\BOOKMARK [3][-]{section*.18}{\376\377\000R\000e\000m\000o\000v\000i\000n\000g\000\040\000f\000e\000a\000t\000u\000r\000e\000s}{section*.16}% 15
\BOOKMARK [3][-]{section*.19}{\376\377\000D\000i\000s\000j\000o\000n\000t\000\040\000d\000a\000t\000a\000s\000e\000t\000s}{section*.16}% 16
\BOOKMARK [1][-]{section*.21}{\376\377\000R\000e\000s\000u\000l\000t\000s}{section*.2}% 17
\BOOKMARK [2][-]{section*.22}{\376\377\000F\000i\000l\000l\000M\000e\000a\000n\000\040\000d\000a\000t\000a\000s\000e\000t}{section*.21}% 18
\BOOKMARK [2][-]{section*.25}{\376\377\000F\000i\000l\000l\000Z\000e\000r\000o}{section*.21}% 19
\BOOKMARK [2][-]{section*.28}{\376\377\000F\000i\000l\000l\000P\000h\000i\000R\000a\000n\000d\000o\000m}{section*.21}% 20
\BOOKMARK [2][-]{section*.31}{\376\377\000R\000e\000m\000o\000v\000e\000P\000h\000i}{section*.21}% 21
\BOOKMARK [2][-]{section*.34}{\376\377\000R\000e\000m\000o\000v\000e\000J\000e\000t\000s}{section*.21}% 22
\BOOKMARK [2][-]{section*.37}{\376\377\000J\000e\000t\000s\000N\000o\000n\000e}{section*.21}% 23
\BOOKMARK [2][-]{section*.40}{\376\377\000J\000e\000t\000s\000O\000n\000e}{section*.21}% 24
\BOOKMARK [2][-]{section*.43}{\376\377\000J\000e\000t\000s\000T\000w\000o}{section*.21}% 25
\BOOKMARK [1][-]{section*.47}{\376\377\000C\000o\000n\000c\000l\000u\000s\000i\000o\000n}{section*.2}% 26
\BOOKMARK [1][-]{section*.48}{\376\377\000A\000p\000p\000e\000n\000d\000i\000x}{section*.2}% 27
\BOOKMARK [1][-]{section*.51}{\376\377\000R\000e\000f\000e\000r\000e\000n\000c\000e\000s}{section*.2}% 28
