This is pdfTeX, Version 3.141592653-2.6-1.40.22 (TeX Live 2022/dev/Debian) (preloaded format=pdflatex 2024.3.17)  12 JUN 2024 00:55
entering extended mode
 restricted \write18 enabled.
 file:line:error style messages enabled.
 %&-line parsing enabled.
**results.tex
(./results.tex
LaTeX2e <2021-11-15> patch level 1
L3 programming layer <2022-01-21>
(/usr/share/texlive/texmf-dist/tex/latex/subfiles/subfiles.cls
Document Class: subfiles 2020/11/14 v2.2 Multi-file projects (class)
Preamble taken from file `../../main/main.tex'
(/usr/share/texlive/texmf-dist/tex/latex/import/import.sty
Package: import 2020/04/01  v 6.2
)
(../../main/main.tex
(/usr/share/texlive/texmf-dist/tex/latex/revtex4-1/revtex4-1.cls
Document Class: revtex4-1 2020/09/30 4.1s (http://publish.aps.org/revtex4/ for 
documentation)
 Copyright (c) 2009 The American Physical Society.
 mailto:revtex@aps.org
 Licensed under the LPPL:
http://www.ctan.org/tex-archive/macros/latex/base/lppl.txt
 Arthur Ogawa <arthur_ogawa at sbcglobal dot net>
 Based on work by David Carlisle <david at dcarlisle.demon.co.uk>.
ltxutil[2020/09/30 4.1s utilities package (portions licensed from W. E. Baxter 
web at superscript.com)]
LaTeX Info: Redefining \@centercr on input line 346.
Class revtex4-1 Info: Repairing hyperref-unfriendly LaTeX definition of \mpfoot
note on input line 471.
Class revtex4-1 Info: Repairing broken LateX \@sect on input line 793.
\intertabularlinepenalty=\count185
\@tbpen=\count186
\@arstrutbox@hline=\box50
Class revtex4-1 Info: Repairing broken LaTeX \@xbitor on input line 1824.
Class revtex4-1 Info: Making \typeout \long on input line 2089.
ltxfront[2020/09/30 4.1s frontmatter package (AO,DPC)]
\c@affil=\count187
\c@collab=\count188
\absbox=\box51
ltxgrid[2020/09/30 4.1s page grid package (portions licensed from W. E. Baxter 
web at superscript.com)]
\c@linecount=\count189
\output@latex=\toks16
\box@size@1=\box52
\box@size@2=\box53
\@protection@box=\box54
\@topmark@saved=\toks17
\footins@saved=\box55
\footins@recovered=\box56
\column@recovered=\box57
\pagesofar=\box58
\footsofar=\box59
\pagegrid@col=\count190
Class revtex4-1 Info: Overriding \@vspace, \@vspacer, \@no@pgbk, \@newline, and
 \\  on input line 5655.
\c@part=\count191
\c@section=\count192
\c@subsection=\count193
\c@subsubsection=\count194
\c@paragraph=\count195
\c@subparagraph=\count196
\abovecaptionskip=\skip47
\belowcaptionskip=\skip48
\c@figure=\count197
\fbox@1=\box60
\c@table=\count198
\fbox@2=\box61
\c@video=\count199
\fbox@4=\box62
\@bibdataout=\write3
\widetext@top=\box63
\widetext@bot=\box64
Class revtex4-1 Info: Selecting society aps on input line 7616.
(/usr/share/texlive/texmf-dist/tex/latex/revtex4-1/aps4-1.rtx
File: aps4-1 2020/09/30 4.1s (http://publish.aps.org/revtex4/ for documentation
)
Class revtex4-1 Info: RevTeX society APS selected on input line 31.
)
Class revtex4-1 Info: Selecting journal rmp on input line 7618.

(/usr/share/texlive/texmf-dist/tex/latex/revtex4-1/apsrmp4-1.rtx
File: apsrmp4-1 2020/09/30 4.1s (http://publish.aps.org/revtex4/ for documentat
ion)
Class revtex4-1 Info: APS journal RMP selected on input line 35.
)
(/usr/share/texlive/texmf-dist/tex/latex/revtex4-1/aps10pt4-1.rtx
File: aps10pt4-1 2020/09/30 4.1s (http://publish.aps.org/revtex4/ for documenta
tion)
Class revtex4-1 Info: RevTeX pointsize 10pt selected on input line 30.
)
(/usr/share/texlive/texmf-dist/tex/latex/textcase/textcase.sty
Package: textcase 2019/09/14 v1.00 Text only upper/lower case changing (DPC)
)
(/usr/share/texlive/texmf-dist/tex/latex/amsfonts/amssymb.sty
Package: amssymb 2013/01/14 v3.01 AMS font symbols

(/usr/share/texlive/texmf-dist/tex/latex/amsfonts/amsfonts.sty
Package: amsfonts 2013/01/14 v3.01 Basic AMSFonts support
\@emptytoks=\toks18
\symAMSa=\mathgroup4
\symAMSb=\mathgroup5
LaTeX Font Info:    Redeclaring math symbol \hbar on input line 98.
LaTeX Font Info:    Overwriting math alphabet `\mathfrak' in version `bold'
(Font)                  U/euf/m/n --> U/euf/b/n on input line 106.
))
(/usr/share/texlive/texmf-dist/tex/latex/amsmath/amsmath.sty
Package: amsmath 2021/10/15 v2.17l AMS math features
\@mathmargin=\skip49

For additional information on amsmath, use the `?' option.
(/usr/share/texlive/texmf-dist/tex/latex/amsmath/amstext.sty
Package: amstext 2021/08/26 v2.01 AMS text

(/usr/share/texlive/texmf-dist/tex/latex/amsmath/amsgen.sty
File: amsgen.sty 1999/11/30 v2.0 generic functions
\@emptytoks=\toks19
\ex@=\dimen138
)
LaTeX Info: Redefining \text on input line 28.
)
(/usr/share/texlive/texmf-dist/tex/latex/amsmath/amsbsy.sty
Package: amsbsy 1999/11/29 v1.2d Bold Symbols
\pmbraise@=\dimen139
)
(/usr/share/texlive/texmf-dist/tex/latex/amsmath/amsopn.sty
Package: amsopn 2021/08/26 v2.02 operator names
)
\inf@bad=\count266
LaTeX Info: Redefining \frac on input line 234.
\uproot@=\count267
\leftroot@=\count268
LaTeX Info: Redefining \overline on input line 399.
\classnum@=\count269
\DOTSCASE@=\count270
LaTeX Info: Redefining \ldots on input line 496.
LaTeX Info: Redefining \dots on input line 499.
LaTeX Info: Redefining \cdots on input line 620.
\Mathstrutbox@=\box65
\strutbox@=\box66
\big@size=\dimen140
LaTeX Font Info:    Redeclaring font encoding OML on input line 743.
LaTeX Font Info:    Redeclaring font encoding OMS on input line 744.
\macc@depth=\count271
\c@MaxMatrixCols=\count272
\dotsspace@=\muskip16
\c@parentequation=\count273
\dspbrk@lvl=\count274
\tag@help=\toks20
\row@=\count275
\column@=\count276
\maxfields@=\count277
\andhelp@=\toks21
\eqnshift@=\dimen141
\alignsep@=\dimen142
\tagshift@=\dimen143
\tagwidth@=\dimen144
\totwidth@=\dimen145
\lineht@=\dimen146
\@envbody=\toks22
\multlinegap=\skip50
\multlinetaggap=\skip51
\mathdisplay@stack=\toks23
LaTeX Info: Redefining \[ on input line 2938.
LaTeX Info: Redefining \] on input line 2939.
)
(/usr/share/texlive/texmf-dist/tex/latex/url/url.sty
\Urlmuskip=\muskip17
Package: url 2013/09/16  ver 3.4  Verb mode for urls, etc.
)
(/usr/share/texlive/texmf-dist/tex/latex/natbib/natbib.sty
Package: natbib 2010/09/13 8.31b (PWD, AO)
\bibhang=\skip52
\bibsep=\skip53
LaTeX Info: Redefining \cite on input line 694.
\c@NAT@ctr=\count278
)
Class revtex4-1 Info: Repairing natbib's \BibitemShut on input line 7623.

(/usr/share/texlive/texmf-dist/tex/latex/revtex4-1/revsymb4-1.sty
Package: revsymb4-1 2020/09/30 4.1s (http://publish.aps.org/revtex4/ for docume
ntation)
LaTeX Info: Redefining \frak on input line 95.
LaTeX Info: Redefining \Bbb on input line 111.
LaTeX Info: Redefining \REV@mathfrak on input line 119.
))
(/usr/share/texlive/texmf-dist/tex/latex/tools/bm.sty
Package: bm 2021/04/25 v1.2e Bold Symbol Support (DPC/FMi)
\symboldoperators=\mathgroup6
\symboldletters=\mathgroup7
\symboldsymbols=\mathgroup8
Package bm Info: No bold for \OMX/cmex/m/n, using \pmb.
Package bm Info: No bold for \U/msa/m/n, using \pmb.
Package bm Info: No bold for \U/msb/m/n, using \pmb.
LaTeX Font Info:    Redeclaring math alphabet \mathbf on input line 149.
LaTeX Info: Redefining \bm on input line 218.
)
(/usr/share/texlive/texmf-dist/tex/latex/graphics/graphicx.sty
Package: graphicx 2021/09/16 v1.2d Enhanced LaTeX Graphics (DPC,SPQR)

(/usr/share/texlive/texmf-dist/tex/latex/graphics/keyval.sty
Package: keyval 2014/10/28 v1.15 key=value parser (DPC)
\KV@toks@=\toks24
)
(/usr/share/texlive/texmf-dist/tex/latex/graphics/graphics.sty
Package: graphics 2021/03/04 v1.4d Standard LaTeX Graphics (DPC,SPQR)

(/usr/share/texlive/texmf-dist/tex/latex/graphics/trig.sty
Package: trig 2021/08/11 v1.11 sin cos tan (DPC)
)
(/usr/share/texlive/texmf-dist/tex/latex/graphics-cfg/graphics.cfg
File: graphics.cfg 2016/06/04 v1.11 sample graphics configuration
)
Package graphics Info: Driver file: pdftex.def on input line 107.

(/usr/share/texlive/texmf-dist/tex/latex/graphics-def/pdftex.def
File: pdftex.def 2020/10/05 v1.2a Graphics/color driver for pdftex
))
\Gin@req@height=\dimen147
\Gin@req@width=\dimen148
)
(/usr/share/texlive/texmf-dist/tex/latex/epstopdf-pkg/epstopdf.sty
Package: epstopdf 2020-01-24 v2.11 Conversion with epstopdf on the fly (HO)

(/usr/share/texlive/texmf-dist/tex/generic/infwarerr/infwarerr.sty
Package: infwarerr 2019/12/03 v1.5 Providing info/warning/error messages (HO)
)
(/usr/share/texlive/texmf-dist/tex/latex/grfext/grfext.sty
Package: grfext 2019/12/03 v1.3 Manage graphics extensions (HO)

(/usr/share/texlive/texmf-dist/tex/generic/kvdefinekeys/kvdefinekeys.sty
Package: kvdefinekeys 2019-12-19 v1.6 Define keys (HO)
))
(/usr/share/texlive/texmf-dist/tex/latex/kvoptions/kvoptions.sty
Package: kvoptions 2020-10-07 v3.14 Key value format for package options (HO)

(/usr/share/texlive/texmf-dist/tex/generic/ltxcmds/ltxcmds.sty
Package: ltxcmds 2020-05-10 v1.25 LaTeX kernel commands for general use (HO)
)
(/usr/share/texlive/texmf-dist/tex/generic/kvsetkeys/kvsetkeys.sty
Package: kvsetkeys 2019/12/15 v1.18 Key value parser (HO)
))
(/usr/share/texlive/texmf-dist/tex/generic/pdftexcmds/pdftexcmds.sty
Package: pdftexcmds 2020-06-27 v0.33 Utility functions of pdfTeX for LuaTeX (HO
)

(/usr/share/texlive/texmf-dist/tex/generic/iftex/iftex.sty
Package: iftex 2020/03/06 v1.0d TeX engine tests
)
Package pdftexcmds Info: \pdf@primitive is available.
Package pdftexcmds Info: \pdf@ifprimitive is available.
Package pdftexcmds Info: \pdfdraftmode found.
)
(/usr/share/texlive/texmf-dist/tex/latex/epstopdf-pkg/epstopdf-base.sty
Package: epstopdf-base 2020-01-24 v2.11 Base part for package epstopdf
Package epstopdf-base Info: Redefining graphics rule for `.eps' on input line 4
85.
Package grfext Info: Graphics extension search list:
(grfext)             [.pdf,.png,.jpg,.mps,.jpeg,.jbig2,.jb2,.PDF,.PNG,.JPG,.JPE
G,.JBIG2,.JB2,.eps]
(grfext)             \AppendGraphicsExtensions on input line 504.

(/usr/share/texlive/texmf-dist/tex/latex/latexconfig/epstopdf-sys.cfg
File: epstopdf-sys.cfg 2010/07/13 v1.3 Configuration of (r)epstopdf for TeX Liv
e
)))
(/usr/share/texlive/texmf-dist/tex/latex/wrapfig/wrapfig.sty
\wrapoverhang=\dimen149
\WF@size=\dimen150
\c@WF@wrappedlines=\count279
\WF@box=\box67
\WF@everypar=\toks25
Package: wrapfig 2003/01/31  v 3.6
)
(/usr/share/texlive/texmf-dist/tex/latex/tools/array.sty
Package: array 2021/10/04 v2.5f Tabular extension package (FMi)
\col@sep=\dimen151
\ar@mcellbox=\box68
\extrarowheight=\dimen152
\NC@list=\toks26
\extratabsurround=\skip54
\backup@length=\skip55
\ar@cellbox=\box69
)
(/usr/share/texlive/texmf-dist/tex/latex/listings/listings.sty
\lst@mode=\count280
\lst@gtempboxa=\box70
\lst@token=\toks27
\lst@length=\count281
\lst@currlwidth=\dimen153
\lst@column=\count282
\lst@pos=\count283
\lst@lostspace=\dimen154
\lst@width=\dimen155
\lst@newlines=\count284
\lst@lineno=\count285
\lst@maxwidth=\dimen156

(/usr/share/texlive/texmf-dist/tex/latex/listings/lstmisc.sty
File: lstmisc.sty 2020/03/24 1.8d (Carsten Heinz)
\c@lstnumber=\count286
\lst@skipnumbers=\count287
\lst@framebox=\box71
)
(/usr/share/texlive/texmf-dist/tex/latex/listings/listings.cfg
File: listings.cfg 2020/03/24 1.8d listings configuration
))
Package: listings 2020/03/24 1.8d (Carsten Heinz)

(/usr/share/texlive/texmf-dist/tex/latex/threeparttablex/threeparttablex.sty
Package: threeparttablex 2013/07/23 v0.3 by daleif

(/usr/share/texlive/texmf-dist/tex/latex/threeparttable/threeparttable.sty
Package: threeparttable 2003/06/13  v 3.0
\@tempboxb=\box72
)
(/usr/share/texlive/texmf-dist/tex/latex/environ/environ.sty
Package: environ 2014/05/04 v0.3 A new way to define environments

(/usr/share/texlive/texmf-dist/tex/latex/trimspaces/trimspaces.sty
Package: trimspaces 2009/09/17 v1.1 Trim spaces around a token list
))
\TPTL@width=\skip56
)
(/usr/share/texlive/texmf-dist/tex/latex/booktabs/booktabs.sty
Package: booktabs 2020/01/12 v1.61803398 Publication quality tables
\heavyrulewidth=\dimen157
\lightrulewidth=\dimen158
\cmidrulewidth=\dimen159
\belowrulesep=\dimen160
\belowbottomsep=\dimen161
\aboverulesep=\dimen162
\abovetopsep=\dimen163
\cmidrulesep=\dimen164
\cmidrulekern=\dimen165
\defaultaddspace=\dimen166
\@cmidla=\count288
\@cmidlb=\count289
\@aboverulesep=\dimen167
\@belowrulesep=\dimen168
\@thisruleclass=\count290
\@lastruleclass=\count291
\@thisrulewidth=\dimen169
)
(/usr/share/texlive/texmf-dist/tex/latex/tools/dcolumn.sty
Package: dcolumn 2014/10/28 v1.06 decimal alignment package (DPC)
)
(/usr/share/texlive/texmf-dist/tex/latex/graphics/color.sty
Package: color 2021/12/07 v1.3c Standard LaTeX Color (DPC)

(/usr/share/texlive/texmf-dist/tex/latex/graphics-cfg/color.cfg
File: color.cfg 2016/01/02 v1.6 sample color configuration
)
Package color Info: Driver file: pdftex.def on input line 149.
)
(/usr/share/texlive/texmf-dist/tex/latex/base/ifthen.sty
Package: ifthen 2020/11/24 v1.1c Standard LaTeX ifthen package (DPC)
)
(/usr/share/texlive/texmf-dist/tex/latex/diagbox/diagbox.sty
Package: diagbox 2020/02/09 v2.3 Making table heads with diagonal lines

(/usr/share/texlive/texmf-dist/tex/latex/pict2e/pict2e.sty
Package: pict2e 2020/09/30 v0.4b Improved picture commands (HjG,RN,JT)

(/usr/share/texlive/texmf-dist/tex/latex/pict2e/pict2e.cfg
File: pict2e.cfg 2016/02/05 v0.1u pict2e configuration for teTeX/TeXLive
)
Package pict2e Info: Driver file: pdftex.def on input line 112.
Package pict2e Info: Driver file for pict2e: p2e-pdftex.def on input line 114.

(/usr/share/texlive/texmf-dist/tex/latex/pict2e/p2e-pdftex.def
File: p2e-pdftex.def 2016/02/05 v0.1u Driver-dependant file (RN,HjG,JT)
)
\pIIe@GRAPH=\toks28
\@arclen=\dimen170
\@arcrad=\dimen171
\pIIe@tempdima=\dimen172
\pIIe@tempdimb=\dimen173
\pIIe@tempdimc=\dimen174
\pIIe@tempdimd=\dimen175
\pIIe@tempdime=\dimen176
\pIIe@tempdimf=\dimen177
)
(/usr/share/texlive/texmf-dist/tex/latex/tools/calc.sty
Package: calc 2017/05/25 v4.3 Infix arithmetic (KKT,FJ)
\calc@Acount=\count292
\calc@Bcount=\count293
\calc@Adimen=\dimen178
\calc@Bdimen=\dimen179
\calc@Askip=\skip57
\calc@Bskip=\skip58
LaTeX Info: Redefining \setlength on input line 80.
LaTeX Info: Redefining \addtolength on input line 81.
\calc@Ccount=\count294
\calc@Cskip=\skip59
)
\diagbox@boxa=\box73
\diagbox@boxb=\box74
\diagbox@boxm=\box75
\diagbox@wd=\dimen180
\diagbox@ht=\dimen181
\diagbox@insepl=\dimen182
\diagbox@insepr=\dimen183
\diagbox@outsepl=\dimen184
\diagbox@outsepr=\dimen185
)
(/usr/share/texlive/texmf-dist/tex/latex/psnfss/pifont.sty
Package: pifont 2020/03/25 PSNFSS-v9.3 Pi font support (SPQR) 
LaTeX Font Info:    Trying to load font information for U+pzd on input line 63.


(/usr/share/texlive/texmf-dist/tex/latex/psnfss/upzd.fd
File: upzd.fd 2001/06/04 font definitions for U/pzd.
)
LaTeX Font Info:    Trying to load font information for U+psy on input line 64.


(/usr/share/texlive/texmf-dist/tex/latex/psnfss/upsy.fd
File: upsy.fd 2001/06/04 font definitions for U/psy.
))
(/usr/share/texlive/texmf-dist/tex/latex/wasysym/wasysym.sty
Package: wasysym 2020/01/19 v2.4 Wasy-2 symbol support package
\symwasy=\mathgroup9
LaTeX Font Info:    Overwriting symbol font `wasy' in version `bold'
(Font)                  U/wasy/m/n --> U/wasy/b/n on input line 93.
)
(/usr/share/texlive/texmf-dist/tex/latex/caption/caption.sty
Package: caption 2020/10/26 v3.5g Customizing captions (AR)

(/usr/share/texlive/texmf-dist/tex/latex/caption/caption3.sty
Package: caption3 2020/10/21 v2.2e caption3 kernel (AR)
\captionmargin=\dimen186
\captionmargin@=\dimen187
\captionwidth=\dimen188
\caption@tempdima=\dimen189
\caption@indent=\dimen190
\caption@parindent=\dimen191
\caption@hangindent=\dimen192
Package caption Info: Unknown document class (or package),
(caption)             standard defaults will be used.
Package caption Info: \@makecaption = \long macro:#1#2->\vskip \abovecaptionski
p \vbox {\flushing \small \rmfamily \noindent #1\@caption@fignum@sep #2\par }\v
skip \belowcaptionskip  on input line 1139.
)

Package caption Warning: Unknown document class (or package),
(caption)                standard defaults will be used.
See the caption package documentation for explanation.

\c@caption@flags=\count295
\c@continuedfloat=\count296
Package caption Info: listings package is loaded.
Package caption Info: threeparttable package is loaded.
Package caption Info: wrapfig package is loaded.
) (/usr/share/texlive/texmf-dist/tex/latex/caption/subcaption.sty
Package: subcaption 2020/10/07 v1.3j Sub-captions (AR)
\c@subfigure=\count297
\c@subtable=\count298
)
(/usr/share/texlive/texmf-dist/tex/generic/listofitems/listofitems.sty
(/usr/share/texlive/texmf-dist/tex/generic/listofitems/listofitems.tex
\loi_cnt_foreach_nest=\count299
\loi_nestcnt=\count300
)
Package: listofitems 2019/08/21 v1.63 Grab items in lists using user-specified 
sep char (CT)
)
(/usr/share/texlive/texmf-dist/tex/latex/pgf/frontendlayer/tikz.sty
(/usr/share/texlive/texmf-dist/tex/latex/pgf/basiclayer/pgf.sty
(/usr/share/texlive/texmf-dist/tex/latex/pgf/utilities/pgfrcs.sty
(/usr/share/texlive/texmf-dist/tex/generic/pgf/utilities/pgfutil-common.tex
\pgfutil@everybye=\toks29
\pgfutil@tempdima=\dimen193
\pgfutil@tempdimb=\dimen194

(/usr/share/texlive/texmf-dist/tex/generic/pgf/utilities/pgfutil-common-lists.t
ex)) (/usr/share/texlive/texmf-dist/tex/generic/pgf/utilities/pgfutil-latex.def
\pgfutil@abb=\box76
) (/usr/share/texlive/texmf-dist/tex/generic/pgf/utilities/pgfrcs.code.tex
(/usr/share/texlive/texmf-dist/tex/generic/pgf/pgf.revision.tex)
Package: pgfrcs 2021/05/15 v3.1.9a (3.1.9a)
))
Package: pgf 2021/05/15 v3.1.9a (3.1.9a)

(/usr/share/texlive/texmf-dist/tex/latex/pgf/basiclayer/pgfcore.sty
(/usr/share/texlive/texmf-dist/tex/latex/pgf/systemlayer/pgfsys.sty
(/usr/share/texlive/texmf-dist/tex/generic/pgf/systemlayer/pgfsys.code.tex
Package: pgfsys 2021/05/15 v3.1.9a (3.1.9a)

(/usr/share/texlive/texmf-dist/tex/generic/pgf/utilities/pgfkeys.code.tex
\pgfkeys@pathtoks=\toks30
\pgfkeys@temptoks=\toks31

(/usr/share/texlive/texmf-dist/tex/generic/pgf/utilities/pgfkeysfiltered.code.t
ex
\pgfkeys@tmptoks=\toks32
))
\pgf@x=\dimen195
\pgf@y=\dimen196
\pgf@xa=\dimen197
\pgf@ya=\dimen198
\pgf@xb=\dimen199
\pgf@yb=\dimen256
\pgf@xc=\dimen257
\pgf@yc=\dimen258
\pgf@xd=\dimen259
\pgf@yd=\dimen260
\w@pgf@writea=\write4
\r@pgf@reada=\read2
\c@pgf@counta=\count301
\c@pgf@countb=\count302
\c@pgf@countc=\count303
\c@pgf@countd=\count304
\t@pgf@toka=\toks33
\t@pgf@tokb=\toks34
\t@pgf@tokc=\toks35
\pgf@sys@id@count=\count305
 (/usr/share/texlive/texmf-dist/tex/generic/pgf/systemlayer/pgf.cfg
File: pgf.cfg 2021/05/15 v3.1.9a (3.1.9a)
)
Driver file for pgf: pgfsys-pdftex.def

(/usr/share/texlive/texmf-dist/tex/generic/pgf/systemlayer/pgfsys-pdftex.def
File: pgfsys-pdftex.def 2021/05/15 v3.1.9a (3.1.9a)

(/usr/share/texlive/texmf-dist/tex/generic/pgf/systemlayer/pgfsys-common-pdf.de
f
File: pgfsys-common-pdf.def 2021/05/15 v3.1.9a (3.1.9a)
)))
(/usr/share/texlive/texmf-dist/tex/generic/pgf/systemlayer/pgfsyssoftpath.code.
tex
File: pgfsyssoftpath.code.tex 2021/05/15 v3.1.9a (3.1.9a)
\pgfsyssoftpath@smallbuffer@items=\count306
\pgfsyssoftpath@bigbuffer@items=\count307
)
(/usr/share/texlive/texmf-dist/tex/generic/pgf/systemlayer/pgfsysprotocol.code.
tex
File: pgfsysprotocol.code.tex 2021/05/15 v3.1.9a (3.1.9a)
)) (/usr/share/texlive/texmf-dist/tex/latex/xcolor/xcolor.sty
Package: xcolor 2021/10/31 v2.13 LaTeX color extensions (UK)

(/usr/share/texlive/texmf-dist/tex/latex/graphics-cfg/color.cfg
File: color.cfg 2016/01/02 v1.6 sample color configuration
)
Package xcolor Info: Driver file: pdftex.def on input line 227.
LaTeX Info: Redefining \color on input line 711.
Package xcolor Info: Model `cmy' substituted by `cmy0' on input line 1352.
Package xcolor Info: Model `hsb' substituted by `rgb' on input line 1356.
Package xcolor Info: Model `RGB' extended on input line 1368.
Package xcolor Info: Model `HTML' substituted by `rgb' on input line 1370.
Package xcolor Info: Model `Hsb' substituted by `hsb' on input line 1371.
Package xcolor Info: Model `tHsb' substituted by `hsb' on input line 1372.
Package xcolor Info: Model `HSB' substituted by `hsb' on input line 1373.
Package xcolor Info: Model `Gray' substituted by `gray' on input line 1374.
Package xcolor Info: Model `wave' substituted by `hsb' on input line 1375.
)
(/usr/share/texlive/texmf-dist/tex/generic/pgf/basiclayer/pgfcore.code.tex
Package: pgfcore 2021/05/15 v3.1.9a (3.1.9a)

(/usr/share/texlive/texmf-dist/tex/generic/pgf/math/pgfmath.code.tex
(/usr/share/texlive/texmf-dist/tex/generic/pgf/math/pgfmathcalc.code.tex
(/usr/share/texlive/texmf-dist/tex/generic/pgf/math/pgfmathutil.code.tex)
(/usr/share/texlive/texmf-dist/tex/generic/pgf/math/pgfmathparser.code.tex
\pgfmath@dimen=\dimen261
\pgfmath@count=\count308
\pgfmath@box=\box77
\pgfmath@toks=\toks36
\pgfmath@stack@operand=\toks37
\pgfmath@stack@operation=\toks38
)
(/usr/share/texlive/texmf-dist/tex/generic/pgf/math/pgfmathfunctions.code.tex
(/usr/share/texlive/texmf-dist/tex/generic/pgf/math/pgfmathfunctions.basic.code
.tex)
(/usr/share/texlive/texmf-dist/tex/generic/pgf/math/pgfmathfunctions.trigonomet
ric.code.tex)
(/usr/share/texlive/texmf-dist/tex/generic/pgf/math/pgfmathfunctions.random.cod
e.tex)
(/usr/share/texlive/texmf-dist/tex/generic/pgf/math/pgfmathfunctions.comparison
.code.tex)
(/usr/share/texlive/texmf-dist/tex/generic/pgf/math/pgfmathfunctions.base.code.
tex)
(/usr/share/texlive/texmf-dist/tex/generic/pgf/math/pgfmathfunctions.round.code
.tex)
(/usr/share/texlive/texmf-dist/tex/generic/pgf/math/pgfmathfunctions.misc.code.
tex)
(/usr/share/texlive/texmf-dist/tex/generic/pgf/math/pgfmathfunctions.integerari
thmetics.code.tex)))
(/usr/share/texlive/texmf-dist/tex/generic/pgf/math/pgfmathfloat.code.tex
\c@pgfmathroundto@lastzeros=\count309
))
(/usr/share/texlive/texmf-dist/tex/generic/pgf/math/pgfint.code.tex)
(/usr/share/texlive/texmf-dist/tex/generic/pgf/basiclayer/pgfcorepoints.code.te
x
File: pgfcorepoints.code.tex 2021/05/15 v3.1.9a (3.1.9a)
\pgf@picminx=\dimen262
\pgf@picmaxx=\dimen263
\pgf@picminy=\dimen264
\pgf@picmaxy=\dimen265
\pgf@pathminx=\dimen266
\pgf@pathmaxx=\dimen267
\pgf@pathminy=\dimen268
\pgf@pathmaxy=\dimen269
\pgf@xx=\dimen270
\pgf@xy=\dimen271
\pgf@yx=\dimen272
\pgf@yy=\dimen273
\pgf@zx=\dimen274
\pgf@zy=\dimen275
)
(/usr/share/texlive/texmf-dist/tex/generic/pgf/basiclayer/pgfcorepathconstruct.
code.tex
File: pgfcorepathconstruct.code.tex 2021/05/15 v3.1.9a (3.1.9a)
\pgf@path@lastx=\dimen276
\pgf@path@lasty=\dimen277
)
(/usr/share/texlive/texmf-dist/tex/generic/pgf/basiclayer/pgfcorepathusage.code
.tex
File: pgfcorepathusage.code.tex 2021/05/15 v3.1.9a (3.1.9a)
\pgf@shorten@end@additional=\dimen278
\pgf@shorten@start@additional=\dimen279
)
(/usr/share/texlive/texmf-dist/tex/generic/pgf/basiclayer/pgfcorescopes.code.te
x
File: pgfcorescopes.code.tex 2021/05/15 v3.1.9a (3.1.9a)
\pgfpic=\box78
\pgf@hbox=\box79
\pgf@layerbox@main=\box80
\pgf@picture@serial@count=\count310
)
(/usr/share/texlive/texmf-dist/tex/generic/pgf/basiclayer/pgfcoregraphicstate.c
ode.tex
File: pgfcoregraphicstate.code.tex 2021/05/15 v3.1.9a (3.1.9a)
\pgflinewidth=\dimen280
)
(/usr/share/texlive/texmf-dist/tex/generic/pgf/basiclayer/pgfcoretransformation
s.code.tex
File: pgfcoretransformations.code.tex 2021/05/15 v3.1.9a (3.1.9a)
\pgf@pt@x=\dimen281
\pgf@pt@y=\dimen282
\pgf@pt@temp=\dimen283
)
(/usr/share/texlive/texmf-dist/tex/generic/pgf/basiclayer/pgfcorequick.code.tex
File: pgfcorequick.code.tex 2021/05/15 v3.1.9a (3.1.9a)
)
(/usr/share/texlive/texmf-dist/tex/generic/pgf/basiclayer/pgfcoreobjects.code.t
ex
File: pgfcoreobjects.code.tex 2021/05/15 v3.1.9a (3.1.9a)
)
(/usr/share/texlive/texmf-dist/tex/generic/pgf/basiclayer/pgfcorepathprocessing
.code.tex
File: pgfcorepathprocessing.code.tex 2021/05/15 v3.1.9a (3.1.9a)
)
(/usr/share/texlive/texmf-dist/tex/generic/pgf/basiclayer/pgfcorearrows.code.te
x
File: pgfcorearrows.code.tex 2021/05/15 v3.1.9a (3.1.9a)
\pgfarrowsep=\dimen284
)
(/usr/share/texlive/texmf-dist/tex/generic/pgf/basiclayer/pgfcoreshade.code.tex
File: pgfcoreshade.code.tex 2021/05/15 v3.1.9a (3.1.9a)
\pgf@max=\dimen285
\pgf@sys@shading@range@num=\count311
\pgf@shadingcount=\count312
)
(/usr/share/texlive/texmf-dist/tex/generic/pgf/basiclayer/pgfcoreimage.code.tex
File: pgfcoreimage.code.tex 2021/05/15 v3.1.9a (3.1.9a)

(/usr/share/texlive/texmf-dist/tex/generic/pgf/basiclayer/pgfcoreexternal.code.
tex
File: pgfcoreexternal.code.tex 2021/05/15 v3.1.9a (3.1.9a)
\pgfexternal@startupbox=\box81
))
(/usr/share/texlive/texmf-dist/tex/generic/pgf/basiclayer/pgfcorelayers.code.te
x
File: pgfcorelayers.code.tex 2021/05/15 v3.1.9a (3.1.9a)
)
(/usr/share/texlive/texmf-dist/tex/generic/pgf/basiclayer/pgfcoretransparency.c
ode.tex
File: pgfcoretransparency.code.tex 2021/05/15 v3.1.9a (3.1.9a)
)
(/usr/share/texlive/texmf-dist/tex/generic/pgf/basiclayer/pgfcorepatterns.code.
tex
File: pgfcorepatterns.code.tex 2021/05/15 v3.1.9a (3.1.9a)
)
(/usr/share/texlive/texmf-dist/tex/generic/pgf/basiclayer/pgfcorerdf.code.tex
File: pgfcorerdf.code.tex 2021/05/15 v3.1.9a (3.1.9a)
)))
(/usr/share/texlive/texmf-dist/tex/generic/pgf/modules/pgfmoduleshapes.code.tex
File: pgfmoduleshapes.code.tex 2021/05/15 v3.1.9a (3.1.9a)
\pgfnodeparttextbox=\box82
) (/usr/share/texlive/texmf-dist/tex/generic/pgf/modules/pgfmoduleplot.code.tex
File: pgfmoduleplot.code.tex 2021/05/15 v3.1.9a (3.1.9a)
)
(/usr/share/texlive/texmf-dist/tex/latex/pgf/compatibility/pgfcomp-version-0-65
.sty
Package: pgfcomp-version-0-65 2021/05/15 v3.1.9a (3.1.9a)
\pgf@nodesepstart=\dimen286
\pgf@nodesepend=\dimen287
)
(/usr/share/texlive/texmf-dist/tex/latex/pgf/compatibility/pgfcomp-version-1-18
.sty
Package: pgfcomp-version-1-18 2021/05/15 v3.1.9a (3.1.9a)
)) (/usr/share/texlive/texmf-dist/tex/latex/pgf/utilities/pgffor.sty
(/usr/share/texlive/texmf-dist/tex/latex/pgf/utilities/pgfkeys.sty
(/usr/share/texlive/texmf-dist/tex/generic/pgf/utilities/pgfkeys.code.tex))
(/usr/share/texlive/texmf-dist/tex/latex/pgf/math/pgfmath.sty
(/usr/share/texlive/texmf-dist/tex/generic/pgf/math/pgfmath.code.tex))
(/usr/share/texlive/texmf-dist/tex/generic/pgf/utilities/pgffor.code.tex
Package: pgffor 2021/05/15 v3.1.9a (3.1.9a)

(/usr/share/texlive/texmf-dist/tex/generic/pgf/math/pgfmath.code.tex)
\pgffor@iter=\dimen288
\pgffor@skip=\dimen289
\pgffor@stack=\toks39
\pgffor@toks=\toks40
))
(/usr/share/texlive/texmf-dist/tex/generic/pgf/frontendlayer/tikz/tikz.code.tex
Package: tikz 2021/05/15 v3.1.9a (3.1.9a)

(/usr/share/texlive/texmf-dist/tex/generic/pgf/libraries/pgflibraryplothandlers
.code.tex
File: pgflibraryplothandlers.code.tex 2021/05/15 v3.1.9a (3.1.9a)
\pgf@plot@mark@count=\count313
\pgfplotmarksize=\dimen290
)
\tikz@lastx=\dimen291
\tikz@lasty=\dimen292
\tikz@lastxsaved=\dimen293
\tikz@lastysaved=\dimen294
\tikz@lastmovetox=\dimen295
\tikz@lastmovetoy=\dimen296
\tikzleveldistance=\dimen297
\tikzsiblingdistance=\dimen298
\tikz@figbox=\box83
\tikz@figbox@bg=\box84
\tikz@tempbox=\box85
\tikz@tempbox@bg=\box86
\tikztreelevel=\count314
\tikznumberofchildren=\count315
\tikznumberofcurrentchild=\count316
\tikz@fig@count=\count317

(/usr/share/texlive/texmf-dist/tex/generic/pgf/modules/pgfmodulematrix.code.tex
File: pgfmodulematrix.code.tex 2021/05/15 v3.1.9a (3.1.9a)
\pgfmatrixcurrentrow=\count318
\pgfmatrixcurrentcolumn=\count319
\pgf@matrix@numberofcolumns=\count320
)
\tikz@expandcount=\count321

(/usr/share/texlive/texmf-dist/tex/generic/pgf/frontendlayer/tikz/libraries/tik
zlibrarytopaths.code.tex
File: tikzlibrarytopaths.code.tex 2021/05/15 v3.1.9a (3.1.9a)
)))
(/usr/share/texlive/texmf-dist/tex/latex/enumitem/enumitem.sty
Package: enumitem 2019/06/20 v3.9 Customized lists
\labelindent=\skip60
\enit@outerparindent=\dimen299
\enit@toks=\toks41
\enit@inbox=\box87
\enit@count@id=\count322
\enitdp@description=\count323
)
(/usr/share/texlive/texmf-dist/tex/latex/textpos/textpos.sty
Package: textpos 2020/09/26 v1.10

Package: textpos 2020/09/26 1.10, absolute positioning of text on the page
Package textpos Info: choosing support for LaTeX3 on input line 61.
\TP@textbox=\box88
\TPHorizModule=\dimen300
\TPVertModule=\dimen301
\TP@margin=\dimen302
\TP@absmargin=\dimen303
Grid set 16 x 16 = 38.39343pt x 49.68562pt
\TPboxrulesize=\dimen304
\TP@tbargs=\toks42
) (/usr/share/texlive/texmf-dist/tex/latex/multirow/multirow.sty
Package: multirow 2021/03/15 v2.8 Span multiple rows of a table
\multirow@colwidth=\skip61
\multirow@cntb=\count324
\multirow@dima=\skip62
\bigstrutjot=\dimen305
)
(/usr/share/texlive/texmf-dist/tex/latex/multirow/bigdelim.sty
Package: bigdelim 2021/03/15 v2.8 Create big delimiters in tabular or array
)
(/usr/share/texlive/texmf-dist/tex/latex/float/float.sty
Package: float 2001/11/08 v1.3d Float enhancements (AL)
\c@float@type=\count325
\float@exts=\toks43
\float@box=\box89
\@float@everytoks=\toks44
\@floatcapt=\box90
)
(/usr/share/texlive/texmf-dist/tex/latex/was/upgreek.sty
Package: upgreek 2003/02/12 v2.0 (WaS)
Package upgreek Info: Using Euler Roman for upright Greek on input line 31.
\symugrf@m=\mathgroup10
LaTeX Font Info:    Overwriting symbol font `ugrf@m' in version `bold'
(Font)                  U/eur/m/n --> U/eur/b/n on input line 38.
)
(/usr/share/texlive/texmf-dist/tex/latex/base/inputenc.sty
Package: inputenc 2021/02/14 v1.3d Input encoding file
\inpenc@prehook=\toks45
\inpenc@posthook=\toks46
)
(/usr/share/texlive/texmf-dist/tex/latex/hyperref/hyperref.sty
Package: hyperref 2021-06-07 v7.00m Hypertext links for LaTeX

(/usr/share/texlive/texmf-dist/tex/generic/pdfescape/pdfescape.sty
Package: pdfescape 2019/12/09 v1.15 Implements pdfTeX's escape features (HO)
)
(/usr/share/texlive/texmf-dist/tex/latex/hycolor/hycolor.sty
Package: hycolor 2020-01-27 v1.10 Color options for hyperref/bookmark (HO)
)
(/usr/share/texlive/texmf-dist/tex/latex/letltxmacro/letltxmacro.sty
Package: letltxmacro 2019/12/03 v1.6 Let assignment for LaTeX macros (HO)
)
(/usr/share/texlive/texmf-dist/tex/latex/auxhook/auxhook.sty
Package: auxhook 2019-12-17 v1.6 Hooks for auxiliary files (HO)
)
\@linkdim=\dimen306
\Hy@linkcounter=\count326
\Hy@pagecounter=\count327

(/usr/share/texlive/texmf-dist/tex/latex/hyperref/pd1enc.def
File: pd1enc.def 2021-06-07 v7.00m Hyperref: PDFDocEncoding definition (HO)
Now handling font encoding PD1 ...
... no UTF-8 mapping file for font encoding PD1
)
(/usr/share/texlive/texmf-dist/tex/latex/hyperref/hyperref-langpatches.def
File: hyperref-langpatches.def 2021-06-07 v7.00m Hyperref: patches for babel la
nguages
)
(/usr/share/texlive/texmf-dist/tex/generic/intcalc/intcalc.sty
Package: intcalc 2019/12/15 v1.3 Expandable calculations with integers (HO)
)
(/usr/share/texlive/texmf-dist/tex/generic/etexcmds/etexcmds.sty
Package: etexcmds 2019/12/15 v1.7 Avoid name clashes with e-TeX commands (HO)
)
\Hy@SavedSpaceFactor=\count328

(/usr/share/texlive/texmf-dist/tex/latex/hyperref/puenc.def
File: puenc.def 2021-06-07 v7.00m Hyperref: PDF Unicode definition (HO)
Now handling font encoding PU ...
... no UTF-8 mapping file for font encoding PU
)
Package hyperref Info: Hyper figures OFF on input line 4192.
Package hyperref Info: Link nesting OFF on input line 4197.
Package hyperref Info: Hyper index ON on input line 4200.
Package hyperref Info: Plain pages OFF on input line 4207.
Package hyperref Info: Backreferencing OFF on input line 4212.
Package hyperref Info: Implicit mode ON; LaTeX internals redefined.
Package hyperref Info: Bookmarks ON on input line 4445.
LaTeX Info: Redefining \href on input line 4715.
\c@Hy@tempcnt=\count329
LaTeX Info: Redefining \url on input line 4804.
\XeTeXLinkMargin=\dimen307

(/usr/share/texlive/texmf-dist/tex/generic/bitset/bitset.sty
Package: bitset 2019/12/09 v1.3 Handle bit-vector datatype (HO)

(/usr/share/texlive/texmf-dist/tex/generic/bigintcalc/bigintcalc.sty
Package: bigintcalc 2019/12/15 v1.5 Expandable calculations on big integers (HO
)
))
\Fld@menulength=\count330
\Field@Width=\dimen308
\Fld@charsize=\dimen309
Package hyperref Info: Hyper figures OFF on input line 6076.
Package hyperref Info: Link nesting OFF on input line 6081.
Package hyperref Info: Hyper index ON on input line 6084.
Package hyperref Info: backreferencing OFF on input line 6091.
Package hyperref Info: Link coloring OFF on input line 6096.
Package hyperref Info: Link coloring with OCG OFF on input line 6101.
Package hyperref Info: PDF/A mode OFF on input line 6106.
LaTeX Info: Redefining \ref on input line 6146.
LaTeX Info: Redefining \pageref on input line 6150.

(/usr/share/texlive/texmf-dist/tex/latex/base/atbegshi-ltx.sty
Package: atbegshi-ltx 2021/01/10 v1.0c Emulation of the original atbegshi
package with kernel methods
)
\Hy@abspage=\count331
\c@Item=\count332
\c@Hfootnote=\count333
)
Package hyperref Info: Driver (autodetected): hpdftex.

(/usr/share/texlive/texmf-dist/tex/latex/hyperref/hpdftex.def
File: hpdftex.def 2021-06-07 v7.00m Hyperref driver for pdfTeX

(/usr/share/texlive/texmf-dist/tex/latex/base/atveryend-ltx.sty
Package: atveryend-ltx 2020/08/19 v1.0a Emulation of the original atveryend pac
kage
with kernel methods
)
\Fld@listcount=\count334
\c@bookmark@seq@number=\count335

(/usr/share/texlive/texmf-dist/tex/latex/rerunfilecheck/rerunfilecheck.sty
Package: rerunfilecheck 2019/12/05 v1.9 Rerun checks for auxiliary files (HO)

(/usr/share/texlive/texmf-dist/tex/generic/uniquecounter/uniquecounter.sty
Package: uniquecounter 2019/12/15 v1.4 Provide unlimited unique counter (HO)
)
Package uniquecounter Info: New unique counter `rerunfilecheck' on input line 2
86.
)
\Hy@SectionHShift=\skip63
)
Package hyperref Info: Option `breaklinks' set `true' on input line 41.
Package hyperref Info: Option `colorlinks' set `true' on input line 41.

(/usr/share/texlive/texmf-dist/tex/latex/subfiles/subfiles.sty
Package: subfiles 2020/11/14 v2.2 Multi-file projects (package)
)))
Class revtex4-1 Info: Unrecognized array package. Please update this document c
lass! (Proceeding with fingers crossed.) on input line 3.


Class revtex4-1 Warning: Repair the float package.

Class revtex4-1 Info: cite was not loaded (OK!) on input line 3.
Class revtex4-1 Info: mcite was not loaded (OK!) on input line 3.
Class revtex4-1 Info: multicol was not loaded (OK!) on input line 3.
(/usr/share/texlive/texmf-dist/tex/latex/l3backend/l3backend-pdftex.def
File: l3backend-pdftex.def 2022-01-12 L3 backend support: PDF output (pdfTeX)
\l__color_backend_stack_int=\count336
\l__pdf_internal_box=\box91
)

LaTeX Warning: Unused global option(s):
    [graphicx].

(./results.aux

LaTeX Warning: Label `sec:fillzero' multiply defined.


LaTeX Warning: Label `sec:fillzero' multiply defined.


LaTeX Warning: Label `sec:fillzero' multiply defined.


LaTeX Warning: Label `sec:fillzero' multiply defined.


LaTeX Warning: Label `sec:fillzero' multiply defined.


LaTeX Warning: Label `tab:acronyms' multiply defined.


LaTeX Warning: Label `fig:sub4' multiply defined.


LaTeX Warning: Label `sub@fig:sub4' multiply defined.

)
\openout1 = `results.aux'.

LaTeX Font Info:    Checking defaults for OML/cmm/m/it on input line 3.
LaTeX Font Info:    ... okay on input line 3.
LaTeX Font Info:    Checking defaults for OMS/cmsy/m/n on input line 3.
LaTeX Font Info:    ... okay on input line 3.
LaTeX Font Info:    Checking defaults for OT1/cmr/m/n on input line 3.
LaTeX Font Info:    ... okay on input line 3.
LaTeX Font Info:    Checking defaults for T1/cmr/m/n on input line 3.
LaTeX Font Info:    ... okay on input line 3.
LaTeX Font Info:    Checking defaults for TS1/cmr/m/n on input line 3.
LaTeX Font Info:    ... okay on input line 3.
LaTeX Font Info:    Checking defaults for OMX/cmex/m/n on input line 3.
LaTeX Font Info:    ... okay on input line 3.
LaTeX Font Info:    Checking defaults for U/cmr/m/n on input line 3.
LaTeX Font Info:    ... okay on input line 3.
LaTeX Font Info:    Checking defaults for PD1/pdf/m/n on input line 3.
LaTeX Font Info:    ... okay on input line 3.
LaTeX Font Info:    Checking defaults for PU/pdf/m/n on input line 3.
LaTeX Font Info:    ... okay on input line 3.
 (/usr/share/texlive/texmf-dist/tex/context/base/mkii/supp-pdf.mkii
[Loading MPS to PDF converter (version 2006.09.02).]
\scratchcounter=\count337
\scratchdimen=\dimen310
\scratchbox=\box92
\nofMPsegments=\count338
\nofMParguments=\count339
\everyMPshowfont=\toks47
\MPscratchCnt=\count340
\MPscratchDim=\dimen311
\MPnumerator=\count341
\makeMPintoPDFobject=\count342
\everyMPtoPDFconversion=\toks48
)
\c@lstlisting=\count343
Package caption Info: Begin \AtBeginDocument code.
Package caption Info: float package is loaded.
Package caption Info: hyperref package is loaded.
Package caption Info: End \AtBeginDocument code.
Package hyperref Info: Link coloring ON on input line 3.
 (/usr/share/texlive/texmf-dist/tex/latex/hyperref/nameref.sty
Package: nameref 2021-04-02 v2.47 Cross-referencing by name of section

(/usr/share/texlive/texmf-dist/tex/latex/refcount/refcount.sty
Package: refcount 2019/12/15 v3.6 Data extraction from label references (HO)
)
(/usr/share/texlive/texmf-dist/tex/generic/gettitlestring/gettitlestring.sty
Package: gettitlestring 2019/12/15 v1.6 Cleanup title references (HO)
)
\c@section@level=\count344
)
LaTeX Info: Redefining \ref on input line 3.
LaTeX Info: Redefining \pageref on input line 3.
LaTeX Info: Redefining \nameref on input line 3.

(./results.out) (./results.out)
\@outlinefile=\write5
\openout5 = `results.out'.

Class revtex4-1 Info: Taking \maketitle back from hyperref on input line 3.
\openout3 = `resultsNotes.bib'.

LaTeX Font Info:    Trying to load font information for U+msa on input line 29.


(/usr/share/texlive/texmf-dist/tex/latex/amsfonts/umsa.fd
File: umsa.fd 2013/01/14 v3.01 AMS symbols A
)
LaTeX Font Info:    Trying to load font information for U+msb on input line 29.


(/usr/share/texlive/texmf-dist/tex/latex/amsfonts/umsb.fd
File: umsb.fd 2013/01/14 v3.01 AMS symbols B
)
LaTeX Font Info:    Trying to load font information for U+wasy on input line 29
.

(/usr/share/texlive/texmf-dist/tex/latex/wasysym/uwasy.fd
File: uwasy.fd 2020/01/19 v2.4 Wasy-2 symbol font definitions
)

LaTeX Warning: Reference `sec:missing-variables' on page 1 undefined on input l
ine 29.


LaTeX Warning: Reference `sec:inserting-values' on page 1 undefined on input li
ne 36.


LaTeX Warning: Reference `fig:fillmean_bkgsig' on page 1 undefined on input lin
e 38.


LaTeX Warning: Reference `sec:likel-estim' on page 1 undefined on input line 39
.

<../../main//../../plots/pdf/FillMean6/0.915_0.607_500_1000_1.0_0.0001/accuracy
.pdf, id=65, 462.52798pt x 346.89601pt>
File: ../../main//../../plots/pdf/FillMean6/0.915_0.607_500_1000_1.0_0.0001/acc
uracy.pdf Graphic file (type pdf)
<use ../../main//../../plots/pdf/FillMean6/0.915_0.607_500_1000_1.0_0.0001/accu
racy.pdf>
Package pdftex.def Info: ../../main//../../plots/pdf/FillMean6/0.915_0.607_500_
1000_1.0_0.0001/accuracy.pdf  used on input line 48.
(pdftex.def)             Requested size: 255.0pt x 191.25389pt.
<../../main//../../plots/pdf/FillMean6/0.915_0.607_500_1000_1.0_0.0001/loss.pdf
, id=66, 462.52798pt x 346.89601pt>
File: ../../main//../../plots/pdf/FillMean6/0.915_0.607_500_1000_1.0_0.0001/los
s.pdf Graphic file (type pdf)
<use ../../main//../../plots/pdf/FillMean6/0.915_0.607_500_1000_1.0_0.0001/loss
.pdf>
Package pdftex.def Info: ../../main//../../plots/pdf/FillMean6/0.915_0.607_500_
1000_1.0_0.0001/loss.pdf  used on input line 55.
(pdftex.def)             Requested size: 255.0pt x 191.25389pt.
<../../main//../../plots/pdf/FillMean6/0.915_0.607_500_1000_1.0_0.0001/roc.pdf,
 id=67, 462.52798pt x 346.89601pt>
File: ../../main//../../plots/pdf/FillMean6/0.915_0.607_500_1000_1.0_0.0001/roc
.pdf Graphic file (type pdf)
<use ../../main//../../plots/pdf/FillMean6/0.915_0.607_500_1000_1.0_0.0001/roc.
pdf>
Package pdftex.def Info: ../../main//../../plots/pdf/FillMean6/0.915_0.607_500_
1000_1.0_0.0001/roc.pdf  used on input line 61.
(pdftex.def)             Requested size: 255.0pt x 191.25389pt.

Overfull \hbox (9.0pt too wide) in paragraph at lines 46--65
 [][] 
 []


Overfull \hbox (9.0pt too wide) in paragraph at lines 46--65
 [] 
 []


Overfull \hbox (9.0pt too wide) in paragraph at lines 46--65
 [] 
 []

[1{/var/lib/texmf/fonts/map/pdftex/updmap/pdftex.map}]
<../../main//../../plots/pdf/FillMean6/0.915_0.607_500_1000_1.0_0.0001/bkg_sig.
pdf, id=87, 462.52798pt x 346.89601pt>
File: ../../main//../../plots/pdf/FillMean6/0.915_0.607_500_1000_1.0_0.0001/bkg
_sig.pdf Graphic file (type pdf)
<use ../../main//../../plots/pdf/FillMean6/0.915_0.607_500_1000_1.0_0.0001/bkg_
sig.pdf>
Package pdftex.def Info: ../../main//../../plots/pdf/FillMean6/0.915_0.607_500_
1000_1.0_0.0001/bkg_sig.pdf  used on input line 73.
(pdftex.def)             Requested size: 255.0pt x 191.25389pt.
<../../main//../../plots/pdf/FillMean6/0.915_0.607_500_1000_1.0_0.0001/likeliho
od.pdf, id=88, 462.52798pt x 346.89601pt>
File: ../../main//../../plots/pdf/FillMean6/0.915_0.607_500_1000_1.0_0.0001/lik
elihood.pdf Graphic file (type pdf)
<use ../../main//../../plots/pdf/FillMean6/0.915_0.607_500_1000_1.0_0.0001/like
lihood.pdf>
Package pdftex.def Info: ../../main//../../plots/pdf/FillMean6/0.915_0.607_500_
1000_1.0_0.0001/likelihood.pdf  used on input line 80.
(pdftex.def)             Requested size: 255.0pt x 191.25389pt.

Overfull \hbox (9.0pt too wide) in paragraph at lines 71--85
 [][] 
 []


Overfull \hbox (9.0pt too wide) in paragraph at lines 71--85
 [] 
 []


LaTeX Warning: Reference `sec:inserting-values' on page 2 undefined on input li
ne 92.

[2 <../../main//../../plots/pdf/FillMean6/0.915_0.607_500_1000_1.0_0.0001/accur
acy.pdf> <../../main//../../plots/pdf/FillMean6/0.915_0.607_500_1000_1.0_0.0001
/loss.pdf> <../../main//../../plots/pdf/FillMean6/0.915_0.607_500_1000_1.0_0.00
01/roc.pdf> <../../main//../../plots/pdf/FillMean6/0.915_0.607_500_1000_1.0_0.0
001/bkg_sig.pdf> <../../main//../../plots/pdf/FillMean6/0.915_0.607_500_1000_1.
0_0.0001/likelihood.pdf>]

LaTeX Warning: Reference `sec:likel-estim' on page 3 undefined on input line 94
.

<../../main//../../plots/pdf/FillZero6/0.913_0.647_500_1000_1.0_1e-06/accuracy.
pdf, id=284, 462.52798pt x 346.89601pt>
File: ../../main//../../plots/pdf/FillZero6/0.913_0.647_500_1000_1.0_1e-06/accu
racy.pdf Graphic file (type pdf)
<use ../../main//../../plots/pdf/FillZero6/0.913_0.647_500_1000_1.0_1e-06/accur
acy.pdf>
Package pdftex.def Info: ../../main//../../plots/pdf/FillZero6/0.913_0.647_500_
1000_1.0_1e-06/accuracy.pdf  used on input line 103.
(pdftex.def)             Requested size: 255.0pt x 191.25389pt.
<../../main//../../plots/pdf/FillZero6/0.913_0.647_500_1000_1.0_1e-06/loss.pdf,
 id=285, 462.52798pt x 346.89601pt>
File: ../../main//../../plots/pdf/FillZero6/0.913_0.647_500_1000_1.0_1e-06/loss
.pdf Graphic file (type pdf)
<use ../../main//../../plots/pdf/FillZero6/0.913_0.647_500_1000_1.0_1e-06/loss.
pdf>
Package pdftex.def Info: ../../main//../../plots/pdf/FillZero6/0.913_0.647_500_
1000_1.0_1e-06/loss.pdf  used on input line 110.
(pdftex.def)             Requested size: 255.0pt x 191.25389pt.
<../../main//../../plots/pdf/FillZero6/0.913_0.647_500_1000_1.0_1e-06/roc.pdf, 
id=286, 462.52798pt x 346.89601pt>
File: ../../main//../../plots/pdf/FillZero6/0.913_0.647_500_1000_1.0_1e-06/roc.
pdf Graphic file (type pdf)
<use ../../main//../../plots/pdf/FillZero6/0.913_0.647_500_1000_1.0_1e-06/roc.p
df>
Package pdftex.def Info: ../../main//../../plots/pdf/FillZero6/0.913_0.647_500_
1000_1.0_1e-06/roc.pdf  used on input line 116.
(pdftex.def)             Requested size: 255.0pt x 191.25389pt.

Overfull \hbox (9.0pt too wide) in paragraph at lines 101--120
 [][] 
 []


Overfull \hbox (9.0pt too wide) in paragraph at lines 101--120
 [] 
 []


Overfull \hbox (9.0pt too wide) in paragraph at lines 101--120
 [] 
 []

<../../main//../../plots/pdf/FillZero6/0.913_0.647_500_1000_1.0_1e-06/bkg_sig.p
df, id=287, 462.52798pt x 346.89601pt>
File: ../../main//../../plots/pdf/FillZero6/0.913_0.647_500_1000_1.0_1e-06/bkg_
sig.pdf Graphic file (type pdf)
<use ../../main//../../plots/pdf/FillZero6/0.913_0.647_500_1000_1.0_1e-06/bkg_s
ig.pdf>
Package pdftex.def Info: ../../main//../../plots/pdf/FillZero6/0.913_0.647_500_
1000_1.0_1e-06/bkg_sig.pdf  used on input line 128.
(pdftex.def)             Requested size: 255.0pt x 191.25389pt.
<../../main//../../plots/pdf/FillZero6/0.913_0.647_500_1000_1.0_1e-06/likelihoo
d.pdf, id=288, 462.52798pt x 346.89601pt>
File: ../../main//../../plots/pdf/FillZero6/0.913_0.647_500_1000_1.0_1e-06/like
lihood.pdf Graphic file (type pdf)
<use ../../main//../../plots/pdf/FillZero6/0.913_0.647_500_1000_1.0_1e-06/likel
ihood.pdf>
Package pdftex.def Info: ../../main//../../plots/pdf/FillZero6/0.913_0.647_500_
1000_1.0_1e-06/likelihood.pdf  used on input line 135.
(pdftex.def)             Requested size: 255.0pt x 191.25389pt.

Overfull \hbox (9.0pt too wide) in paragraph at lines 126--139
 [][] 
 []


Overfull \hbox (9.0pt too wide) in paragraph at lines 126--139
 [] 
 []

[3 <../../main//../../plots/pdf/FillZero6/0.913_0.647_500_1000_1.0_1e-06/accura
cy.pdf> <../../main//../../plots/pdf/FillZero6/0.913_0.647_500_1000_1.0_1e-06/l
oss.pdf> <../../main//../../plots/pdf/FillZero6/0.913_0.647_500_1000_1.0_1e-06/
roc.pdf>]

LaTeX Warning: Reference `sec:inserting-values' on page 4 undefined on input li
ne 146.

<../../main//../../plots/pdf/FillPhiRandom6/0.915_0.607_500_1000_1.0_0.0001/acc
uracy.pdf, id=387, 462.52798pt x 346.89601pt>
File: ../../main//../../plots/pdf/FillPhiRandom6/0.915_0.607_500_1000_1.0_0.000
1/accuracy.pdf Graphic file (type pdf)
<use ../../main//../../plots/pdf/FillPhiRandom6/0.915_0.607_500_1000_1.0_0.0001
/accuracy.pdf>
Package pdftex.def Info: ../../main//../../plots/pdf/FillPhiRandom6/0.915_0.607
_500_1000_1.0_0.0001/accuracy.pdf  used on input line 153.
(pdftex.def)             Requested size: 255.0pt x 191.25389pt.
<../../main//../../plots/pdf/FillPhiRandom6/0.915_0.607_500_1000_1.0_0.0001/los
s.pdf, id=388, 462.52798pt x 346.89601pt>
File: ../../main//../../plots/pdf/FillPhiRandom6/0.915_0.607_500_1000_1.0_0.000
1/loss.pdf Graphic file (type pdf)
<use ../../main//../../plots/pdf/FillPhiRandom6/0.915_0.607_500_1000_1.0_0.0001
/loss.pdf>
Package pdftex.def Info: ../../main//../../plots/pdf/FillPhiRandom6/0.915_0.607
_500_1000_1.0_0.0001/loss.pdf  used on input line 160.
(pdftex.def)             Requested size: 255.0pt x 191.25389pt.
<../../main//../../plots/pdf/FillPhiRandom6/0.915_0.607_500_1000_1.0_0.0001/roc
.pdf, id=389, 462.52798pt x 346.89601pt>
File: ../../main//../../plots/pdf/FillPhiRandom6/0.915_0.607_500_1000_1.0_0.000
1/roc.pdf Graphic file (type pdf)
<use ../../main//../../plots/pdf/FillPhiRandom6/0.915_0.607_500_1000_1.0_0.0001
/roc.pdf>
Package pdftex.def Info: ../../main//../../plots/pdf/FillPhiRandom6/0.915_0.607
_500_1000_1.0_0.0001/roc.pdf  used on input line 166.
(pdftex.def)             Requested size: 255.0pt x 191.25389pt.

Overfull \hbox (9.0pt too wide) in paragraph at lines 151--170
 [][] 
 []


Overfull \hbox (9.0pt too wide) in paragraph at lines 151--170
 [] 
 []


Overfull \hbox (9.0pt too wide) in paragraph at lines 151--170
 [] 
 []

[4 <../../main//../../plots/pdf/FillZero6/0.913_0.647_500_1000_1.0_1e-06/bkg_si
g.pdf> <../../main//../../plots/pdf/FillZero6/0.913_0.647_500_1000_1.0_1e-06/li
kelihood.pdf>]
<../../main//../../plots/pdf/FillPhiRandom6/0.915_0.607_500_1000_1.0_0.0001/bkg
_sig.pdf, id=482, 462.52798pt x 346.89601pt>
File: ../../main//../../plots/pdf/FillPhiRandom6/0.915_0.607_500_1000_1.0_0.000
1/bkg_sig.pdf Graphic file (type pdf)
<use ../../main//../../plots/pdf/FillPhiRandom6/0.915_0.607_500_1000_1.0_0.0001
/bkg_sig.pdf>
Package pdftex.def Info: ../../main//../../plots/pdf/FillPhiRandom6/0.915_0.607
_500_1000_1.0_0.0001/bkg_sig.pdf  used on input line 178.
(pdftex.def)             Requested size: 255.0pt x 191.25389pt.
<../../main//../../plots/pdf/FillPhiRandom6/0.915_0.607_500_1000_1.0_0.0001/lik
elihood.pdf, id=483, 462.52798pt x 346.89601pt>
File: ../../main//../../plots/pdf/FillPhiRandom6/0.915_0.607_500_1000_1.0_0.000
1/likelihood.pdf Graphic file (type pdf)
<use ../../main//../../plots/pdf/FillPhiRandom6/0.915_0.607_500_1000_1.0_0.0001
/likelihood.pdf>
Package pdftex.def Info: ../../main//../../plots/pdf/FillPhiRandom6/0.915_0.607
_500_1000_1.0_0.0001/likelihood.pdf  used on input line 185.
(pdftex.def)             Requested size: 255.0pt x 191.25389pt.

Overfull \hbox (9.0pt too wide) in paragraph at lines 176--189
 [][] 
 []


Overfull \hbox (9.0pt too wide) in paragraph at lines 176--189
 [] 
 []

[5 <../../main//../../plots/pdf/FillPhiRandom6/0.915_0.607_500_1000_1.0_0.0001/
accuracy.pdf> <../../main//../../plots/pdf/FillPhiRandom6/0.915_0.607_500_1000_
1.0_0.0001/loss.pdf> <../../main//../../plots/pdf/FillPhiRandom6/0.915_0.607_50
0_1000_1.0_0.0001/roc.pdf> <../../main//../../plots/pdf/FillPhiRandom6/0.915_0.
607_500_1000_1.0_0.0001/bkg_sig.pdf> <../../main//../../plots/pdf/FillPhiRandom
6/0.915_0.607_500_1000_1.0_0.0001/likelihood.pdf>]
<../../main//../../plots/pdf/RemovePhi6/0.915_0.567_500_1000_1.0_0.0001/accurac
y.pdf, id=671, 462.52798pt x 346.89601pt>
File: ../../main//../../plots/pdf/RemovePhi6/0.915_0.567_500_1000_1.0_0.0001/ac
curacy.pdf Graphic file (type pdf)
<use ../../main//../../plots/pdf/RemovePhi6/0.915_0.567_500_1000_1.0_0.0001/acc
uracy.pdf>
Package pdftex.def Info: ../../main//../../plots/pdf/RemovePhi6/0.915_0.567_500
_1000_1.0_0.0001/accuracy.pdf  used on input line 206.
(pdftex.def)             Requested size: 255.0pt x 191.25389pt.
<../../main//../../plots/pdf/RemovePhi6/0.915_0.567_500_1000_1.0_0.0001/loss.pd
f, id=672, 462.52798pt x 346.89601pt>
File: ../../main//../../plots/pdf/RemovePhi6/0.915_0.567_500_1000_1.0_0.0001/lo
ss.pdf Graphic file (type pdf)
<use ../../main//../../plots/pdf/RemovePhi6/0.915_0.567_500_1000_1.0_0.0001/los
s.pdf>
Package pdftex.def Info: ../../main//../../plots/pdf/RemovePhi6/0.915_0.567_500
_1000_1.0_0.0001/loss.pdf  used on input line 213.
(pdftex.def)             Requested size: 255.0pt x 191.25389pt.
<../../main//../../plots/pdf/RemovePhi6/0.915_0.567_500_1000_1.0_0.0001/roc.pdf
, id=673, 462.52798pt x 346.89601pt>
File: ../../main//../../plots/pdf/RemovePhi6/0.915_0.567_500_1000_1.0_0.0001/ro
c.pdf Graphic file (type pdf)
<use ../../main//../../plots/pdf/RemovePhi6/0.915_0.567_500_1000_1.0_0.0001/roc
.pdf>
Package pdftex.def Info: ../../main//../../plots/pdf/RemovePhi6/0.915_0.567_500
_1000_1.0_0.0001/roc.pdf  used on input line 219.
(pdftex.def)             Requested size: 255.0pt x 191.25389pt.

Overfull \hbox (9.0pt too wide) in paragraph at lines 204--223
 [][] 
 []


Overfull \hbox (9.0pt too wide) in paragraph at lines 204--223
 [] 
 []


Overfull \hbox (9.0pt too wide) in paragraph at lines 204--223
 [] 
 []

<../../main//../../plots/pdf/RemovePhi6/0.915_0.567_500_1000_1.0_0.0001/bkg_sig
.pdf, id=674, 462.52798pt x 346.89601pt>
File: ../../main//../../plots/pdf/RemovePhi6/0.915_0.567_500_1000_1.0_0.0001/bk
g_sig.pdf Graphic file (type pdf)
<use ../../main//../../plots/pdf/RemovePhi6/0.915_0.567_500_1000_1.0_0.0001/bkg
_sig.pdf>
Package pdftex.def Info: ../../main//../../plots/pdf/RemovePhi6/0.915_0.567_500
_1000_1.0_0.0001/bkg_sig.pdf  used on input line 231.
(pdftex.def)             Requested size: 255.0pt x 191.25389pt.
<../../main//../../plots/pdf/RemovePhi6/0.915_0.567_500_1000_1.0_0.0001/likelih
ood.pdf, id=675, 462.52798pt x 346.89601pt>
File: ../../main//../../plots/pdf/RemovePhi6/0.915_0.567_500_1000_1.0_0.0001/li
kelihood.pdf Graphic file (type pdf)
<use ../../main//../../plots/pdf/RemovePhi6/0.915_0.567_500_1000_1.0_0.0001/lik
elihood.pdf>
Package pdftex.def Info: ../../main//../../plots/pdf/RemovePhi6/0.915_0.567_500
_1000_1.0_0.0001/likelihood.pdf  used on input line 238.
(pdftex.def)             Requested size: 255.0pt x 191.25389pt.

Overfull \hbox (9.0pt too wide) in paragraph at lines 229--242
 [][] 
 []


Overfull \hbox (9.0pt too wide) in paragraph at lines 229--242
 [] 
 []

[6 <../../main//../../plots/pdf/RemovePhi6/0.915_0.567_500_1000_1.0_0.0001/accu
racy.pdf> <../../main//../../plots/pdf/RemovePhi6/0.915_0.567_500_1000_1.0_0.00
01/loss.pdf> <../../main//../../plots/pdf/RemovePhi6/0.915_0.567_500_1000_1.0_0
.0001/roc.pdf>]

LaTeX Warning: Reference `sec:inserting-values' on page 7 undefined on input li
ne 249.

<../../main//../../plots/pdf/RemoveJets6/0.908_0.526_500_1000_1.0_1e-05/accurac
y.pdf, id=775, 462.52798pt x 346.89601pt>
File: ../../main//../../plots/pdf/RemoveJets6/0.908_0.526_500_1000_1.0_1e-05/ac
curacy.pdf Graphic file (type pdf)
<use ../../main//../../plots/pdf/RemoveJets6/0.908_0.526_500_1000_1.0_1e-05/acc
uracy.pdf>
Package pdftex.def Info: ../../main//../../plots/pdf/RemoveJets6/0.908_0.526_50
0_1000_1.0_1e-05/accuracy.pdf  used on input line 255.
(pdftex.def)             Requested size: 255.0pt x 191.25389pt.
<../../main//../../plots/pdf/RemoveJets6/0.908_0.526_500_1000_1.0_1e-05/loss.pd
f, id=776, 462.52798pt x 346.89601pt>
File: ../../main//../../plots/pdf/RemoveJets6/0.908_0.526_500_1000_1.0_1e-05/lo
ss.pdf Graphic file (type pdf)
<use ../../main//../../plots/pdf/RemoveJets6/0.908_0.526_500_1000_1.0_1e-05/los
s.pdf>
Package pdftex.def Info: ../../main//../../plots/pdf/RemoveJets6/0.908_0.526_50
0_1000_1.0_1e-05/loss.pdf  used on input line 262.
(pdftex.def)             Requested size: 255.0pt x 191.25389pt.
<../../main//../../plots/pdf/RemoveJets6/0.908_0.526_500_1000_1.0_1e-05/roc.pdf
, id=777, 462.52798pt x 346.89601pt>
File: ../../main//../../plots/pdf/RemoveJets6/0.908_0.526_500_1000_1.0_1e-05/ro
c.pdf Graphic file (type pdf)
<use ../../main//../../plots/pdf/RemoveJets6/0.908_0.526_500_1000_1.0_1e-05/roc
.pdf>
Package pdftex.def Info: ../../main//../../plots/pdf/RemoveJets6/0.908_0.526_50
0_1000_1.0_1e-05/roc.pdf  used on input line 268.
(pdftex.def)             Requested size: 255.0pt x 191.25389pt.

Overfull \hbox (9.0pt too wide) in paragraph at lines 253--272
 [][] 
 []


Overfull \hbox (9.0pt too wide) in paragraph at lines 253--272
 [] 
 []


Overfull \hbox (9.0pt too wide) in paragraph at lines 253--272
 [] 
 []

[7 <../../main//../../plots/pdf/RemovePhi6/0.915_0.567_500_1000_1.0_0.0001/bkg_
sig.pdf> <../../main//../../plots/pdf/RemovePhi6/0.915_0.567_500_1000_1.0_0.000
1/likelihood.pdf>]
<../../main//../../plots/pdf/RemoveJets6/0.908_0.526_500_1000_1.0_1e-05/bkg_sig
.pdf, id=871, 462.52798pt x 346.89601pt>
File: ../../main//../../plots/pdf/RemoveJets6/0.908_0.526_500_1000_1.0_1e-05/bk
g_sig.pdf Graphic file (type pdf)
<use ../../main//../../plots/pdf/RemoveJets6/0.908_0.526_500_1000_1.0_1e-05/bkg
_sig.pdf>
Package pdftex.def Info: ../../main//../../plots/pdf/RemoveJets6/0.908_0.526_50
0_1000_1.0_1e-05/bkg_sig.pdf  used on input line 280.
(pdftex.def)             Requested size: 255.0pt x 191.25389pt.
<../../main//../../plots/pdf/RemoveJets6/0.908_0.526_500_1000_1.0_1e-05/likelih
ood.pdf, id=872, 462.52798pt x 346.89601pt>
File: ../../main//../../plots/pdf/RemoveJets6/0.908_0.526_500_1000_1.0_1e-05/li
kelihood.pdf Graphic file (type pdf)
<use ../../main//../../plots/pdf/RemoveJets6/0.908_0.526_500_1000_1.0_1e-05/lik
elihood.pdf>
Package pdftex.def Info: ../../main//../../plots/pdf/RemoveJets6/0.908_0.526_50
0_1000_1.0_1e-05/likelihood.pdf  used on input line 287.
(pdftex.def)             Requested size: 255.0pt x 191.25389pt.

Overfull \hbox (9.0pt too wide) in paragraph at lines 278--291
 [][] 
 []


Overfull \hbox (9.0pt too wide) in paragraph at lines 278--291
 [] 
 []

<../../main//../../plots/pdf/Jets06/0.902_0.405_500_1000_1.0_1e-05/accuracy.pdf
, id=873, 462.52798pt x 346.89601pt>
File: ../../main//../../plots/pdf/Jets06/0.902_0.405_500_1000_1.0_1e-05/accurac
y.pdf Graphic file (type pdf)
<use ../../main//../../plots/pdf/Jets06/0.902_0.405_500_1000_1.0_1e-05/accuracy
.pdf>
Package pdftex.def Info: ../../main//../../plots/pdf/Jets06/0.902_0.405_500_100
0_1.0_1e-05/accuracy.pdf  used on input line 303.
(pdftex.def)             Requested size: 255.0pt x 191.25389pt.
<../../main//../../plots/pdf/Jets06/0.902_0.405_500_1000_1.0_1e-05/loss.pdf, id
=874, 462.52798pt x 346.89601pt>
File: ../../main//../../plots/pdf/Jets06/0.902_0.405_500_1000_1.0_1e-05/loss.pd
f Graphic file (type pdf)
<use ../../main//../../plots/pdf/Jets06/0.902_0.405_500_1000_1.0_1e-05/loss.pdf
>
Package pdftex.def Info: ../../main//../../plots/pdf/Jets06/0.902_0.405_500_100
0_1.0_1e-05/loss.pdf  used on input line 310.
(pdftex.def)             Requested size: 255.0pt x 191.25389pt.
<../../main//../../plots/pdf/Jets06/0.902_0.405_500_1000_1.0_1e-05/roc.pdf, id=
875, 462.52798pt x 346.89601pt>
File: ../../main//../../plots/pdf/Jets06/0.902_0.405_500_1000_1.0_1e-05/roc.pdf
 Graphic file (type pdf)
<use ../../main//../../plots/pdf/Jets06/0.902_0.405_500_1000_1.0_1e-05/roc.pdf>

Package pdftex.def Info: ../../main//../../plots/pdf/Jets06/0.902_0.405_500_100
0_1.0_1e-05/roc.pdf  used on input line 316.
(pdftex.def)             Requested size: 255.0pt x 191.25389pt.

Overfull \hbox (9.0pt too wide) in paragraph at lines 301--320
 [][] 
 []


Overfull \hbox (9.0pt too wide) in paragraph at lines 301--320
 [] 
 []


Overfull \hbox (9.0pt too wide) in paragraph at lines 301--320
 [] 
 []

[8 <../../main//../../plots/pdf/RemoveJets6/0.908_0.526_500_1000_1.0_1e-05/accu
racy.pdf> <../../main//../../plots/pdf/RemoveJets6/0.908_0.526_500_1000_1.0_1e-
05/loss.pdf> <../../main//../../plots/pdf/RemoveJets6/0.908_0.526_500_1000_1.0_
1e-05/roc.pdf> <../../main//../../plots/pdf/RemoveJets6/0.908_0.526_500_1000_1.
0_1e-05/bkg_sig.pdf> <../../main//../../plots/pdf/RemoveJets6/0.908_0.526_500_1
000_1.0_1e-05/likelihood.pdf>]
<../../main//../../plots/pdf/Jets06/0.902_0.405_500_1000_1.0_1e-05/bkg_sig.pdf,
 id=1054, 462.52798pt x 346.89601pt>
File: ../../main//../../plots/pdf/Jets06/0.902_0.405_500_1000_1.0_1e-05/bkg_sig
.pdf Graphic file (type pdf)
<use ../../main//../../plots/pdf/Jets06/0.902_0.405_500_1000_1.0_1e-05/bkg_sig.
pdf>
Package pdftex.def Info: ../../main//../../plots/pdf/Jets06/0.902_0.405_500_100
0_1.0_1e-05/bkg_sig.pdf  used on input line 328.
(pdftex.def)             Requested size: 255.0pt x 191.25389pt.
<../../main//../../plots/pdf/Jets06/0.902_0.405_500_1000_1.0_1e-05/likelihood.p
df, id=1055, 462.52798pt x 346.89601pt>
File: ../../main//../../plots/pdf/Jets06/0.902_0.405_500_1000_1.0_1e-05/likelih
ood.pdf Graphic file (type pdf)
<use ../../main//../../plots/pdf/Jets06/0.902_0.405_500_1000_1.0_1e-05/likeliho
od.pdf>
Package pdftex.def Info: ../../main//../../plots/pdf/Jets06/0.902_0.405_500_100
0_1.0_1e-05/likelihood.pdf  used on input line 335.
(pdftex.def)             Requested size: 255.0pt x 191.25389pt.

Overfull \hbox (9.0pt too wide) in paragraph at lines 326--339
 [][] 
 []


Overfull \hbox (9.0pt too wide) in paragraph at lines 326--339
 [] 
 []

<../../main//../../plots/pdf/Jets16/0.895_0.647_500_1000_1.0_0.0001/accuracy.pd
f, id=1056, 462.52798pt x 346.89601pt>
File: ../../main//../../plots/pdf/Jets16/0.895_0.647_500_1000_1.0_0.0001/accura
cy.pdf Graphic file (type pdf)
<use ../../main//../../plots/pdf/Jets16/0.895_0.647_500_1000_1.0_0.0001/accurac
y.pdf>
Package pdftex.def Info: ../../main//../../plots/pdf/Jets16/0.895_0.647_500_100
0_1.0_0.0001/accuracy.pdf  used on input line 351.
(pdftex.def)             Requested size: 255.0pt x 191.25389pt.
<../../main//../../plots/pdf/Jets16/0.895_0.647_500_1000_1.0_0.0001/loss.pdf, i
d=1057, 462.52798pt x 346.89601pt>
File: ../../main//../../plots/pdf/Jets16/0.895_0.647_500_1000_1.0_0.0001/loss.p
df Graphic file (type pdf)
<use ../../main//../../plots/pdf/Jets16/0.895_0.647_500_1000_1.0_0.0001/loss.pd
f>
Package pdftex.def Info: ../../main//../../plots/pdf/Jets16/0.895_0.647_500_100
0_1.0_0.0001/loss.pdf  used on input line 358.
(pdftex.def)             Requested size: 255.0pt x 191.25389pt.
<../../main//../../plots/pdf/Jets16/0.895_0.647_500_1000_1.0_0.0001/roc.pdf, id
=1058, 462.52798pt x 346.89601pt>
File: ../../main//../../plots/pdf/Jets16/0.895_0.647_500_1000_1.0_0.0001/roc.pd
f Graphic file (type pdf)
<use ../../main//../../plots/pdf/Jets16/0.895_0.647_500_1000_1.0_0.0001/roc.pdf
>
Package pdftex.def Info: ../../main//../../plots/pdf/Jets16/0.895_0.647_500_100
0_1.0_0.0001/roc.pdf  used on input line 364.
(pdftex.def)             Requested size: 255.0pt x 191.25389pt.

Overfull \hbox (9.0pt too wide) in paragraph at lines 349--368
 [][] 
 []


Overfull \hbox (9.0pt too wide) in paragraph at lines 349--368
 [] 
 []


Overfull \hbox (9.0pt too wide) in paragraph at lines 349--368
 [] 
 []

[9 <../../main//../../plots/pdf/Jets06/0.902_0.405_500_1000_1.0_1e-05/accuracy.
pdf> <../../main//../../plots/pdf/Jets06/0.902_0.405_500_1000_1.0_1e-05/loss.pd
f> <../../main//../../plots/pdf/Jets06/0.902_0.405_500_1000_1.0_1e-05/roc.pdf> 
<../../main//../../plots/pdf/Jets06/0.902_0.405_500_1000_1.0_1e-05/bkg_sig.pdf>
 <../../main//../../plots/pdf/Jets06/0.902_0.405_500_1000_1.0_1e-05/likelihood.
pdf>]
<../../main//../../plots/pdf/Jets16/0.895_0.647_500_1000_1.0_0.0001/bkg_sig.pdf
, id=1241, 462.52798pt x 346.89601pt>
File: ../../main//../../plots/pdf/Jets16/0.895_0.647_500_1000_1.0_0.0001/bkg_si
g.pdf Graphic file (type pdf)
<use ../../main//../../plots/pdf/Jets16/0.895_0.647_500_1000_1.0_0.0001/bkg_sig
.pdf>
Package pdftex.def Info: ../../main//../../plots/pdf/Jets16/0.895_0.647_500_100
0_1.0_0.0001/bkg_sig.pdf  used on input line 376.
(pdftex.def)             Requested size: 255.0pt x 191.25389pt.
<../../main//../../plots/pdf/Jets16/0.895_0.647_500_1000_1.0_0.0001/likelihood.
pdf, id=1242, 462.52798pt x 346.89601pt>
File: ../../main//../../plots/pdf/Jets16/0.895_0.647_500_1000_1.0_0.0001/likeli
hood.pdf Graphic file (type pdf)
<use ../../main//../../plots/pdf/Jets16/0.895_0.647_500_1000_1.0_0.0001/likelih
ood.pdf>
Package pdftex.def Info: ../../main//../../plots/pdf/Jets16/0.895_0.647_500_100
0_1.0_0.0001/likelihood.pdf  used on input line 383.
(pdftex.def)             Requested size: 255.0pt x 191.25389pt.

Overfull \hbox (9.0pt too wide) in paragraph at lines 374--387
 [][] 
 []


Overfull \hbox (9.0pt too wide) in paragraph at lines 374--387
 [] 
 []

<../../main//../../plots/pdf/Jets26/0.932_0.97_500_1000_1.0_1e-05/accuracy.pdf,
 id=1243, 462.52798pt x 346.89601pt>
File: ../../main//../../plots/pdf/Jets26/0.932_0.97_500_1000_1.0_1e-05/accuracy
.pdf Graphic file (type pdf)
<use ../../main//../../plots/pdf/Jets26/0.932_0.97_500_1000_1.0_1e-05/accuracy.
pdf>
Package pdftex.def Info: ../../main//../../plots/pdf/Jets26/0.932_0.97_500_1000
_1.0_1e-05/accuracy.pdf  used on input line 399.
(pdftex.def)             Requested size: 255.0pt x 191.25389pt.
<../../main//../../plots/pdf/Jets26/0.932_0.97_500_1000_1.0_1e-05/loss.pdf, id=
1244, 462.52798pt x 346.89601pt>
File: ../../main//../../plots/pdf/Jets26/0.932_0.97_500_1000_1.0_1e-05/loss.pdf
 Graphic file (type pdf)
<use ../../main//../../plots/pdf/Jets26/0.932_0.97_500_1000_1.0_1e-05/loss.pdf>

Package pdftex.def Info: ../../main//../../plots/pdf/Jets26/0.932_0.97_500_1000
_1.0_1e-05/loss.pdf  used on input line 406.
(pdftex.def)             Requested size: 255.0pt x 191.25389pt.
<../../main//../../plots/pdf/Jets26/0.932_0.97_500_1000_1.0_1e-05/roc.pdf, id=1
245, 462.52798pt x 346.89601pt>
File: ../../main//../../plots/pdf/Jets26/0.932_0.97_500_1000_1.0_1e-05/roc.pdf 
Graphic file (type pdf)
<use ../../main//../../plots/pdf/Jets26/0.932_0.97_500_1000_1.0_1e-05/roc.pdf>
Package pdftex.def Info: ../../main//../../plots/pdf/Jets26/0.932_0.97_500_1000
_1.0_1e-05/roc.pdf  used on input line 412.
(pdftex.def)             Requested size: 255.0pt x 191.25389pt.

Overfull \hbox (9.0pt too wide) in paragraph at lines 397--416
 [][] 
 []


Overfull \hbox (9.0pt too wide) in paragraph at lines 397--416
 [] 
 []


Overfull \hbox (9.0pt too wide) in paragraph at lines 397--416
 [] 
 []

[10 <../../main//../../plots/pdf/Jets16/0.895_0.647_500_1000_1.0_0.0001/accurac
y.pdf> <../../main//../../plots/pdf/Jets16/0.895_0.647_500_1000_1.0_0.0001/loss
.pdf> <../../main//../../plots/pdf/Jets16/0.895_0.647_500_1000_1.0_0.0001/roc.p
df> <../../main//../../plots/pdf/Jets16/0.895_0.647_500_1000_1.0_0.0001/bkg_sig
.pdf> <../../main//../../plots/pdf/Jets16/0.895_0.647_500_1000_1.0_0.0001/likel
ihood.pdf>]
<../../main//../../plots/pdf/Jets26/0.932_0.97_500_1000_1.0_1e-05/bkg_sig.pdf, 
id=1431, 462.52798pt x 346.89601pt>
File: ../../main//../../plots/pdf/Jets26/0.932_0.97_500_1000_1.0_1e-05/bkg_sig.
pdf Graphic file (type pdf)
<use ../../main//../../plots/pdf/Jets26/0.932_0.97_500_1000_1.0_1e-05/bkg_sig.p
df>
Package pdftex.def Info: ../../main//../../plots/pdf/Jets26/0.932_0.97_500_1000
_1.0_1e-05/bkg_sig.pdf  used on input line 424.
(pdftex.def)             Requested size: 255.0pt x 191.25389pt.
<../../main//../../plots/pdf/Jets26/0.932_0.97_500_1000_1.0_1e-05/likelihood.pd
f, id=1432, 462.52798pt x 346.89601pt>
File: ../../main//../../plots/pdf/Jets26/0.932_0.97_500_1000_1.0_1e-05/likeliho
od.pdf Graphic file (type pdf)
<use ../../main//../../plots/pdf/Jets26/0.932_0.97_500_1000_1.0_1e-05/likelihoo
d.pdf>
Package pdftex.def Info: ../../main//../../plots/pdf/Jets26/0.932_0.97_500_1000
_1.0_1e-05/likelihood.pdf  used on input line 431.
(pdftex.def)             Requested size: 255.0pt x 191.25389pt.

Overfull \hbox (9.0pt too wide) in paragraph at lines 422--435
 [][] 
 []


Overfull \hbox (9.0pt too wide) in paragraph at lines 422--435
 [] 
 []

[11 <../../main//../../plots/pdf/Jets26/0.932_0.97_500_1000_1.0_1e-05/accuracy.
pdf> <../../main//../../plots/pdf/Jets26/0.932_0.97_500_1000_1.0_1e-05/loss.pdf
> <../../main//../../plots/pdf/Jets26/0.932_0.97_500_1000_1.0_1e-05/roc.pdf> <.
./../main//../../plots/pdf/Jets26/0.932_0.97_500_1000_1.0_1e-05/bkg_sig.pdf> <.
./../main//../../plots/pdf/Jets26/0.932_0.97_500_1000_1.0_1e-05/likelihood.pdf>
]
<../../main//../../plots/PRI_tau_phi.pdf, id=1617, 462.52798pt x 346.89601pt>
File: ../../main//../../plots/PRI_tau_phi.pdf Graphic file (type pdf)
<use ../../main//../../plots/PRI_tau_phi.pdf>
Package pdftex.def Info: ../../main//../../plots/PRI_tau_phi.pdf  used on input
 line 534.
(pdftex.def)             Requested size: 255.0pt x 191.25389pt.
<../../main//../../plots/PRI_lep_phi.pdf, id=1618, 462.52798pt x 346.89601pt>
File: ../../main//../../plots/PRI_lep_phi.pdf Graphic file (type pdf)
<use ../../main//../../plots/PRI_lep_phi.pdf>
Package pdftex.def Info: ../../main//../../plots/PRI_lep_phi.pdf  used on input
 line 540.
(pdftex.def)             Requested size: 255.0pt x 191.25389pt.
<../../main//../../plots/PRI_met_phi.pdf, id=1619, 462.52798pt x 346.89601pt>
File: ../../main//../../plots/PRI_met_phi.pdf Graphic file (type pdf)
<use ../../main//../../plots/PRI_met_phi.pdf>
Package pdftex.def Info: ../../main//../../plots/PRI_met_phi.pdf  used on input
 line 546.
(pdftex.def)             Requested size: 255.0pt x 191.25389pt.
<../../main//../../plots/PRI_jet_leading_phi.pdf, id=1620, 462.52798pt x 346.89
601pt>
File: ../../main//../../plots/PRI_jet_leading_phi.pdf Graphic file (type pdf)
<use ../../main//../../plots/PRI_jet_leading_phi.pdf>
Package pdftex.def Info: ../../main//../../plots/PRI_jet_leading_phi.pdf  used 
on input line 552.
(pdftex.def)             Requested size: 255.0pt x 191.25389pt.
<../../main//../../plots/PRI_jet_subleading_phi.pdf, id=1621, 462.52798pt x 346
.89601pt>
File: ../../main//../../plots/PRI_jet_subleading_phi.pdf Graphic file (type pdf
)
<use ../../main//../../plots/PRI_jet_subleading_phi.pdf>
Package pdftex.def Info: ../../main//../../plots/PRI_jet_subleading_phi.pdf  us
ed on input line 558.
(pdftex.def)             Requested size: 255.0pt x 191.25389pt.

Overfull \hbox (272.00003pt too wide) in paragraph at lines 531--563
 []$[]$ 
 []

No file results.bbl.
[12] [13 <../../main//../../plots/PRI_tau_phi.pdf> <../../main//../../plots/PRI
_lep_phi.pdf> <../../main//../../plots/PRI_met_phi.pdf> <../../main//../../plot
s/PRI_jet_leading_phi.pdf> <../../main//../../plots/PRI_jet_subleading_phi.pdf>
] (./results.aux)

LaTeX Warning: There were undefined references.


LaTeX Warning: There were multiply-defined labels.

Package rerunfilecheck Info: File `results.out' has not changed.
(rerunfilecheck)             Checksum: 7D8383A873BFB81BA06035A56F4F7456;1091.
 ) 
Here is how much of TeX's memory you used:
 27183 strings out of 480129
 511875 string characters out of 5893409
 794051 words of memory out of 5000000
 44558 multiletter control sequences out of 15000+600000
 486124 words of font info for 90 fonts, out of 8000000 for 9000
 81 hyphenation exceptions out of 8191
 104i,15n,106p,1656b,621s stack positions out of 5000i,500n,10000p,200000b,80000s
</usr/share/texlive/texmf-dist/fonts/type1/public/amsfonts/cm/cmbx10.pfb></us
r/share/texlive/texmf-dist/fonts/type1/public/amsfonts/cm/cmmi10.pfb></usr/shar
e/texlive/texmf-dist/fonts/type1/public/amsfonts/cm/cmmi6.pfb></usr/share/texli
ve/texmf-dist/fonts/type1/public/amsfonts/cm/cmmi7.pfb></usr/share/texlive/texm
f-dist/fonts/type1/public/amsfonts/cm/cmmi9.pfb></usr/share/texlive/texmf-dist/
fonts/type1/public/amsfonts/cm/cmr10.pfb></usr/share/texlive/texmf-dist/fonts/t
ype1/public/amsfonts/cm/cmr6.pfb></usr/share/texlive/texmf-dist/fonts/type1/pub
lic/amsfonts/cm/cmr7.pfb></usr/share/texlive/texmf-dist/fonts/type1/public/amsf
onts/cm/cmr8.pfb></usr/share/texlive/texmf-dist/fonts/type1/public/amsfonts/cm/
cmr9.pfb></usr/share/texlive/texmf-dist/fonts/type1/public/amsfonts/cm/cmssbx10
.pfb></usr/share/texlive/texmf-dist/fonts/type1/public/amsfonts/cm/cmsy10.pfb><
/usr/share/texlive/texmf-dist/fonts/type1/public/amsfonts/cm/cmsy7.pfb></usr/sh
are/texlive/texmf-dist/fonts/type1/public/amsfonts/cm/cmti10.pfb></usr/share/te
xlive/texmf-dist/fonts/type1/public/amsfonts/cm/cmti9.pfb></usr/share/texlive/t
exmf-dist/fonts/type1/public/amsfonts/symbols/msam10.pfb>
Output written on results.pdf (13 pages, 914774 bytes).
PDF statistics:
 1905 PDF objects out of 2073 (max. 8388607)
 526 compressed objects within 6 object streams
 45 named destinations out of 1000 (max. 500000)
 326 words of extra memory for PDF output out of 10000 (max. 10000000)

